2020-03-23 02:00:07,081 [Worker-10: Loading available Gradle versions] INFO  o.e.b.c.i.u.g.PublishedGradleVersions - Gradle version information cache is up-to-date. Trying to read.
2020-03-23 02:03:14,659 [Worker-3: Creating maven-archetype-webapp] INFO  o.e.m.c.i.p.ProjectConfigurationManager - Collecting project info '/pom.xml' /Users/kai/job-recommendation/jupiter/pom.xml
2020-03-23 02:03:15,176 [Worker-3: Creating maven-archetype-webapp] INFO  o.e.m.c.i.l.LifecycleMappingFactory - Using org.maven.ide.eclipse.wtp.WarLifecycleMapping lifecycle mapping for MavenProject: project:jupiter:0.0.1-SNAPSHOT @ /Users/kai/job-recommendation/jupiter/pom.xml.
2020-03-23 02:03:15,842 [Worker-3: Creating maven-archetype-webapp] INFO  o.e.m.j.i.AbstractJavaProjectConfigurator - Adding source folder /jupiter/src/main/java
2020-03-23 02:03:15,843 [Worker-3: Creating maven-archetype-webapp] INFO  o.e.m.j.i.AbstractJavaProjectConfigurator - Adding source folder /jupiter/src/test/java
2020-03-23 02:03:18,276 [Worker-3: Creating maven-archetype-webapp] INFO  o.e.m.c.i.p.ProjectConfigurationManager - Imported and configured 1 project(s) in 3 sec
2020-03-23 02:03:18,818 [Worker-9: Building] INFO  o.e.m.c.i.embedder.EclipseLogger - Using 'UTF-8' encoding to copy filtered resources.
2020-03-23 02:03:18,818 [Worker-9: Building] INFO  o.e.m.c.i.embedder.EclipseLogger - skip non existing resourceDirectory /Users/kai/job-recommendation/jupiter/src/main/resources
2020-03-23 02:03:18,823 [Worker-9: Building] INFO  o.e.m.c.i.embedder.EclipseLogger - Using 'UTF-8' encoding to copy filtered resources.
2020-03-23 02:03:18,823 [Worker-9: Building] INFO  o.e.m.c.i.embedder.EclipseLogger - skip non existing resourceDirectory /Users/kai/job-recommendation/jupiter/src/test/resources
2020-03-23 02:03:58,650 [Worker-17: Building] INFO  o.e.m.c.i.embedder.EclipseLogger - Using 'UTF-8' encoding to copy filtered resources.
2020-03-23 02:03:58,650 [Worker-17: Building] INFO  o.e.m.c.i.embedder.EclipseLogger - skip non existing resourceDirectory /Users/kai/job-recommendation/jupiter/src/main/resources
2020-03-23 02:03:58,652 [Worker-17: Building] INFO  o.e.m.c.i.embedder.EclipseLogger - Using 'UTF-8' encoding to copy filtered resources.
2020-03-23 02:03:58,652 [Worker-17: Building] INFO  o.e.m.c.i.embedder.EclipseLogger - skip non existing resourceDirectory /Users/kai/job-recommendation/jupiter/src/test/resources
2020-03-23 02:05:09,824 [Worker-3: Building] INFO  o.e.m.c.i.l.LifecycleMappingFactory - Using org.maven.ide.eclipse.wtp.WarLifecycleMapping lifecycle mapping for MavenProject: project:jupiter:0.0.1-SNAPSHOT @ /Users/kai/job-recommendation/jupiter/pom.xml.
2020-03-23 02:05:10,302 [Worker-3: Building] WARN  o.e.m.c.i.embedder.EclipseLogger - Using platform encoding (UTF-8 actually) to copy filtered resources, i.e. build is platform dependent!
2020-03-23 02:05:10,303 [Worker-3: Building] INFO  o.e.m.c.i.embedder.EclipseLogger - skip non existing resourceDirectory /Users/kai/job-recommendation/jupiter/src/main/resources
2020-03-23 02:05:10,304 [Worker-3: Building] WARN  o.e.m.c.i.embedder.EclipseLogger - Using platform encoding (UTF-8 actually) to copy filtered resources, i.e. build is platform dependent!
2020-03-23 02:05:10,305 [Worker-3: Building] INFO  o.e.m.c.i.embedder.EclipseLogger - skip non existing resourceDirectory /Users/kai/job-recommendation/jupiter/src/test/resources
2020-03-23 02:05:10,305 [Worker-3: Building] INFO  o.e.m.w.i.f.ResourceFilteringBuildParticipant - Changed resources require a complete clean of filtered resources of jupiter
2020-03-23 02:05:10,306 [Worker-3: Building] INFO  o.e.m.w.i.f.ResourceFilteringBuildParticipant - Executing resource filtering for jupiter
2020-03-23 02:05:10,309 [Worker-3: Building] WARN  o.e.m.c.i.embedder.EclipseLogger - Using platform encoding (UTF-8 actually) to copy filtered resources, i.e. build is platform dependent!
2020-03-23 02:05:11,425 [Worker-9: Building] WARN  o.e.m.c.i.embedder.EclipseLogger - Using platform encoding (UTF-8 actually) to copy filtered resources, i.e. build is platform dependent!
2020-03-23 02:05:11,425 [Worker-9: Building] INFO  o.e.m.c.i.embedder.EclipseLogger - skip non existing resourceDirectory /Users/kai/job-recommendation/jupiter/src/main/resources
2020-03-23 02:05:11,427 [Worker-9: Building] WARN  o.e.m.c.i.embedder.EclipseLogger - Using platform encoding (UTF-8 actually) to copy filtered resources, i.e. build is platform dependent!
2020-03-23 02:05:11,427 [Worker-9: Building] INFO  o.e.m.c.i.embedder.EclipseLogger - skip non existing resourceDirectory /Users/kai/job-recommendation/jupiter/src/test/resources
2020-03-23 02:05:26,152 [Worker-0: Launching Executing install in _Users_kai_job-recommendation_jupiter] INFO  o.e.m.i.launch.MavenLaunchDelegate - /Users/kai/job-recommendation/jupiter
2020-03-23 02:05:26,153 [Worker-0: Launching Executing install in _Users_kai_job-recommendation_jupiter] INFO  o.e.m.i.launch.MavenLaunchDelegate -  mvn -B install
2020-03-23 02:05:28,918 [Worker-2: Building] WARN  o.e.m.c.i.embedder.EclipseLogger - Using platform encoding (UTF-8 actually) to copy filtered resources, i.e. build is platform dependent!
2020-03-23 02:05:28,919 [Worker-2: Building] INFO  o.e.m.c.i.embedder.EclipseLogger - skip non existing resourceDirectory /Users/kai/job-recommendation/jupiter/src/main/resources
2020-03-23 02:05:28,920 [Worker-2: Building] WARN  o.e.m.c.i.embedder.EclipseLogger - Using platform encoding (UTF-8 actually) to copy filtered resources, i.e. build is platform dependent!
2020-03-23 02:05:28,921 [Worker-2: Building] INFO  o.e.m.c.i.embedder.EclipseLogger - skip non existing resourceDirectory /Users/kai/job-recommendation/jupiter/src/test/resources
2020-03-23 02:06:29,969 [Worker-13: Building] WARN  o.e.m.c.i.embedder.EclipseLogger - Using platform encoding (UTF-8 actually) to copy filtered resources, i.e. build is platform dependent!
2020-03-23 02:06:29,970 [Worker-13: Building] INFO  o.e.m.c.i.embedder.EclipseLogger - skip non existing resourceDirectory /Users/kai/job-recommendation/jupiter/src/main/resources
2020-03-23 02:06:29,971 [Worker-13: Building] WARN  o.e.m.c.i.embedder.EclipseLogger - Using platform encoding (UTF-8 actually) to copy filtered resources, i.e. build is platform dependent!
2020-03-23 02:06:29,971 [Worker-13: Building] INFO  o.e.m.c.i.embedder.EclipseLogger - skip non existing resourceDirectory /Users/kai/job-recommendation/jupiter/src/test/resources
2020-03-23 02:11:45,535 [Worker-0: Launching Executing install in _Users_kai_job-recommendation_jupiter] INFO  o.e.m.i.launch.MavenLaunchDelegate - /Users/kai/job-recommendation/jupiter
2020-03-23 02:11:45,535 [Worker-0: Launching Executing install in _Users_kai_job-recommendation_jupiter] INFO  o.e.m.i.launch.MavenLaunchDelegate -  mvn -B install
2020-03-23 02:11:47,951 [Worker-0: Building] WARN  o.e.m.c.i.embedder.EclipseLogger - Using platform encoding (UTF-8 actually) to copy filtered resources, i.e. build is platform dependent!
2020-03-23 02:11:47,951 [Worker-0: Building] INFO  o.e.m.c.i.embedder.EclipseLogger - skip non existing resourceDirectory /Users/kai/job-recommendation/jupiter/src/main/resources
2020-03-23 02:11:47,953 [Worker-0: Building] WARN  o.e.m.c.i.embedder.EclipseLogger - Using platform encoding (UTF-8 actually) to copy filtered resources, i.e. build is platform dependent!
2020-03-23 02:11:47,953 [Worker-0: Building] INFO  o.e.m.c.i.embedder.EclipseLogger - skip non existing resourceDirectory /Users/kai/job-recommendation/jupiter/src/test/resources
